# JRE version: OpenJDK Runtime Environment (11.0.12+7) (build 11.0.12+7-b1504.28-7817840)
# Java VM: OpenJDK 64-Bit Server VM (11.0.12+7-b1504.28-7817840, mixed mode, tiered, compressed oops, g1 gc, windows-amd64)
Heap:
 garbage-first heap   total 632832K, used 95069K [0x0000000605c00000, 0x0000000800000000)
  region size 2048K, 30 young (61440K), 7 survivors (14336K)
 Metaspace       used 60919K, capacity 61722K, committed 61960K, reserved 1103872K
  class space    used 6863K, capacity 7178K, committed 7296K, reserved 1048576K
GC Heap History (12 events):
Event: 0.305 GC heap before
{Heap before GC invocations=0 (full 0):
 garbage-first heap   total 520192K, used 26624K [0x0000000605c00000, 0x0000000800000000)
  region size 2048K, 12 young (24576K), 0 survivors (0K)
 Metaspace       used 11765K, capacity 11826K, committed 11904K, reserved 1060864K
  class space    used 1089K, capacity 1109K, committed 1152K, reserved 1048576K
}
Event: 0.307 GC heap after
{Heap after GC invocations=1 (full 0):
 garbage-first heap   total 520192K, used 6619K [0x0000000605c00000, 0x0000000800000000)
  region size 2048K, 2 young (4096K), 2 survivors (4096K)
 Metaspace       used 11765K, capacity 11826K, committed 11904K, reserved 1060864K
  class space    used 1089K, capacity 1109K, committed 1152K, reserved 1048576K
}
Event: 0.727 GC heap before
{Heap before GC invocations=1 (full 0):
 garbage-first heap   total 520192K, used 47579K [0x0000000605c00000, 0x0000000800000000)
  region size 2048K, 23 young (47104K), 2 survivors (4096K)
 Metaspace       used 20960K, capacity 21186K, committed 21248K, reserved 1069056K
  class space    used 2201K, capacity 2280K, committed 2304K, reserved 1048576K
}
Event: 0.734 GC heap after
{Heap after GC invocations=2 (full 0):
 garbage-first heap   total 520192K, used 10508K [0x0000000605c00000, 0x0000000800000000)
  region size 2048K, 4 young (8192K), 4 survivors (8192K)
 Metaspace       used 20960K, capacity 21186K, committed 21248K, reserved 1069056K
  class space    used 2201K, capacity 2280K, committed 2304K, reserved 1048576K
}
Event: 1.471 GC heap before
{Heap before GC invocations=3 (full 0):
 garbage-first heap   total 520192K, used 80140K [0x0000000605c00000, 0x0000000800000000)
  region size 2048K, 36 young (73728K), 4 survivors (8192K)
 Metaspace       used 35262K, capacity 35774K, committed 36048K, reserved 1081344K
  class space    used 4376K, capacity 4578K, committed 4608K, reserved 1048576K
}
Event: 1.489 GC heap after
{Heap after GC invocations=4 (full 0):
 garbage-first heap   total 520192K, used 23841K [0x0000000605c00000, 0x0000000800000000)
  region size 2048K, 6 young (12288K), 6 survivors (12288K)
 Metaspace       used 35262K, capacity 35774K, committed 36048K, reserved 1081344K
  class space    used 4376K, capacity 4578K, committed 4608K, reserved 1048576K
}
Event: 2.348 GC heap before
{Heap before GC invocations=5 (full 0):
 garbage-first heap   total 520192K, used 120097K [0x0000000605c00000, 0x0000000800000000)
  region size 2048K, 52 young (106496K), 6 survivors (12288K)
 Metaspace       used 49656K, capacity 50339K, committed 50640K, reserved 1093632K
  class space    used 5798K, capacity 6070K, committed 6144K, reserved 1048576K
}
Event: 2.357 GC heap after
{Heap after GC invocations=6 (full 0):
 garbage-first heap   total 520192K, used 36417K [0x0000000605c00000, 0x0000000800000000)
  region size 2048K, 7 young (14336K), 7 survivors (14336K)
 Metaspace       used 49656K, capacity 50339K, committed 50640K, reserved 1093632K
  class space    used 5798K, capacity 6070K, committed 6144K, reserved 1048576K
}
Event: 2.524 GC heap before
{Heap before GC invocations=6 (full 0):
 garbage-first heap   total 520192K, used 63041K [0x0000000605c00000, 0x0000000800000000)
  region size 2048K, 20 young (40960K), 7 survivors (14336K)
 Metaspace       used 51144K, capacity 51760K, committed 52048K, reserved 1095680K
  class space    used 5909K, capacity 6174K, committed 6272K, reserved 1048576K
}
Event: 2.530 GC heap after
{Heap after GC invocations=7 (full 0):
 garbage-first heap   total 632832K, used 39270K [0x0000000605c00000, 0x0000000800000000)
  region size 2048K, 2 young (4096K), 2 survivors (4096K)
 Metaspace       used 51144K, capacity 51760K, committed 52048K, reserved 1095680K
  class space    used 5909K, capacity 6174K, committed 6272K, reserved 1048576K
}
Event: 3.562 GC heap before
{Heap before GC invocations=7 (full 0):
 garbage-first heap   total 632832K, used 108902K [0x0000000605c00000, 0x0000000800000000)
  region size 2048K, 37 young (75776K), 2 survivors (4096K)
 Metaspace       used 59405K, capacity 60128K, committed 60296K, reserved 1101824K
  class space    used 6752K, capacity 7074K, committed 7168K, reserved 1048576K
}
Event: 3.571 GC heap after
{Heap after GC invocations=8 (full 0):
 garbage-first heap   total 632832K, used 50013K [0x0000000605c00000, 0x0000000800000000)
  region size 2048K, 7 young (14336K), 7 survivors (14336K)
 Metaspace       used 59405K, capacity 60128K, committed 60296K, reserved 1101824K
  class space    used 6752K, capacity 7074K, committed 7168K, reserved 1048576K
}

