# JRE version: OpenJDK Runtime Environment (11.0.12+7) (build 11.0.12+7-b1504.28-7817840)
# Java VM: OpenJDK 64-Bit Server VM (11.0.12+7-b1504.28-7817840, mixed mode, tiered, compressed oops, g1 gc, windows-amd64)
Heap:
 garbage-first heap   total 720896K, used 145408K [0x0000000605c00000, 0x0000000800000000)
  region size 2048K, 47 young (96256K), 8 survivors (16384K)
 Metaspace       used 66704K, capacity 67537K, committed 67848K, reserved 1110016K
  class space    used 7375K, capacity 7715K, committed 7808K, reserved 1048576K
GC Heap History (14 events):
Event: 0.332 GC heap before
{Heap before GC invocations=0 (full 0):
 garbage-first heap   total 520192K, used 26624K [0x0000000605c00000, 0x0000000800000000)
  region size 2048K, 12 young (24576K), 0 survivors (0K)
 Metaspace       used 11767K, capacity 11922K, committed 12160K, reserved 1060864K
  class space    used 1091K, capacity 1141K, committed 1152K, reserved 1048576K
}
Event: 0.334 GC heap after
{Heap after GC invocations=1 (full 0):
 garbage-first heap   total 520192K, used 6617K [0x0000000605c00000, 0x0000000800000000)
  region size 2048K, 2 young (4096K), 2 survivors (4096K)
 Metaspace       used 11767K, capacity 11922K, committed 12160K, reserved 1060864K
  class space    used 1091K, capacity 1141K, committed 1152K, reserved 1048576K
}
Event: 0.761 GC heap before
{Heap before GC invocations=1 (full 0):
 garbage-first heap   total 520192K, used 47577K [0x0000000605c00000, 0x0000000800000000)
  region size 2048K, 23 young (47104K), 2 survivors (4096K)
 Metaspace       used 20956K, capacity 21186K, committed 21248K, reserved 1069056K
  class space    used 2201K, capacity 2280K, committed 2304K, reserved 1048576K
}
Event: 0.769 GC heap after
{Heap after GC invocations=2 (full 0):
 garbage-first heap   total 520192K, used 10483K [0x0000000605c00000, 0x0000000800000000)
  region size 2048K, 4 young (8192K), 4 survivors (8192K)
 Metaspace       used 20956K, capacity 21186K, committed 21248K, reserved 1069056K
  class space    used 2201K, capacity 2280K, committed 2304K, reserved 1048576K
}
Event: 1.488 GC heap before
{Heap before GC invocations=3 (full 0):
 garbage-first heap   total 520192K, used 80115K [0x0000000605c00000, 0x0000000800000000)
  region size 2048K, 36 young (73728K), 4 survivors (8192K)
 Metaspace       used 35266K, capacity 35774K, committed 36048K, reserved 1081344K
  class space    used 4376K, capacity 4578K, committed 4608K, reserved 1048576K
}
Event: 1.504 GC heap after
{Heap after GC invocations=4 (full 0):
 garbage-first heap   total 520192K, used 23938K [0x0000000605c00000, 0x0000000800000000)
  region size 2048K, 6 young (12288K), 6 survivors (12288K)
 Metaspace       used 35266K, capacity 35774K, committed 36048K, reserved 1081344K
  class space    used 4376K, capacity 4578K, committed 4608K, reserved 1048576K
}
Event: 1.613 GC heap before
{Heap before GC invocations=5 (full 0):
 garbage-first heap   total 520192K, used 36226K [0x0000000605c00000, 0x0000000800000000)
  region size 2048K, 12 young (24576K), 6 survivors (12288K)
 Metaspace       used 37013K, capacity 37514K, committed 37840K, reserved 1083392K
  class space    used 4565K, capacity 4774K, committed 4864K, reserved 1048576K
}
Event: 1.617 GC heap after
{Heap after GC invocations=6 (full 0):
 garbage-first heap   total 520192K, used 24194K [0x0000000605c00000, 0x0000000800000000)
  region size 2048K, 2 young (4096K), 2 survivors (4096K)
 Metaspace       used 37013K, capacity 37514K, committed 37840K, reserved 1083392K
  class space    used 4565K, capacity 4774K, committed 4864K, reserved 1048576K
}
Event: 2.368 GC heap before
{Heap before GC invocations=6 (full 0):
 garbage-first heap   total 520192K, used 106114K [0x0000000605c00000, 0x0000000800000000)
  region size 2048K, 41 young (83968K), 2 survivors (4096K)
 Metaspace       used 49667K, capacity 50339K, committed 50640K, reserved 1093632K
  class space    used 5798K, capacity 6070K, committed 6144K, reserved 1048576K
}
Event: 2.372 GC heap after
{Heap after GC invocations=7 (full 0):
 garbage-first heap   total 520192K, used 37129K [0x0000000605c00000, 0x0000000800000000)
  region size 2048K, 6 young (12288K), 6 survivors (12288K)
 Metaspace       used 49667K, capacity 50339K, committed 50640K, reserved 1093632K
  class space    used 5798K, capacity 6070K, committed 6144K, reserved 1048576K
}
Event: 3.473 GC heap before
{Heap before GC invocations=7 (full 0):
 garbage-first heap   total 520192K, used 127241K [0x0000000605c00000, 0x0000000800000000)
  region size 2048K, 51 young (104448K), 6 survivors (12288K)
 Metaspace       used 59349K, capacity 60125K, committed 60296K, reserved 1101824K
  class space    used 6749K, capacity 7073K, committed 7168K, reserved 1048576K
}
Event: 3.509 GC heap after
{Heap after GC invocations=8 (full 0):
 garbage-first heap   total 520192K, used 49247K [0x0000000605c00000, 0x0000000800000000)
  region size 2048K, 7 young (14336K), 7 survivors (14336K)
 Metaspace       used 59349K, capacity 60125K, committed 60296K, reserved 1101824K
  class space    used 6749K, capacity 7073K, committed 7168K, reserved 1048576K
}
Event: 4.337 GC heap before
{Heap before GC invocations=9 (full 0):
 garbage-first heap   total 520192K, used 165983K [0x0000000605c00000, 0x0000000800000000)
  region size 2048K, 63 young (129024K), 7 survivors (14336K)
 Metaspace       used 64080K, capacity 64952K, committed 65160K, reserved 1107968K
  class space    used 7238K, capacity 7570K, committed 7680K, reserved 1048576K
}
Event: 4.352 GC heap after
{Heap after GC invocations=10 (full 0):
 garbage-first heap   total 720896K, used 67584K [0x0000000605c00000, 0x0000000800000000)
  region size 2048K, 8 young (16384K), 8 survivors (16384K)
 Metaspace       used 64080K, capacity 64952K, committed 65160K, reserved 1107968K
  class space    used 7238K, capacity 7570K, committed 7680K, reserved 1048576K
}

